

Microchip MPLAB XC8 Assembler V2.05 build -831301201 
                                                                                               Fri Mar 06 23:25:17 2020

Microchip MPLAB XC8 C Compiler v2.05 (Free license) build 20181220022703 Og1 
     1                           	processor	16F877
     2                           	opt	pw 120
     3                           	opt	flic
     4                           	psect	cinit,global,class=CODE,merge=1,delta=2
     5                           	psect	cstackCOMMON,global,class=COMMON,space=1,delta=1
     6                           	psect	maintext,global,class=CODE,split=1,delta=2
     7                           	dabs	1,0x7E,2
     8  0000                     
     9                           ; Version 2.05
    10                           ; Generated 20/12/2018 GMT
    11                           ; 
    12                           ; Copyright © 2018, Microchip Technology Inc. and its subsidiaries ("Microchip")
    13                           ; All rights reserved.
    14                           ; 
    15                           ; This software is developed by Microchip Technology Inc. and its subsidiaries ("Microch
      +                          ip").
    16                           ; 
    17                           ; Redistribution and use in source and binary forms, with or without modification, are
    18                           ; permitted provided that the following conditions are met:
    19                           ; 
    20                           ;     1. Redistributions of source code must retain the above copyright notice, this lis
      +                          t of
    21                           ;        conditions and the following disclaimer.
    22                           ; 
    23                           ;     2. Redistributions in binary form must reproduce the above copyright notice, this 
      +                          list
    24                           ;        of conditions and the following disclaimer in the documentation and/or other
    25                           ;        materials provided with the distribution.
    26                           ; 
    27                           ;     3. Microchip's name may not be used to endorse or promote products derived from th
      +                          is
    28                           ;        software without specific prior written permission.
    29                           ; 
    30                           ; THIS SOFTWARE IS PROVIDED BY MICROCHIP "AS IS" AND ANY EXPRESS OR IMPLIED WARRANTIES,
    31                           ; INCLUDING, BUT NOT LIMITED TO, THE IMPLIED WARRANTIES OF MERCHANTABILITY AND FITNESS F
      +                          OR
    32                           ; PURPOSE ARE DISCLAIMED.  IN NO EVENT SHALL MICROCHIP BE LIABLE FOR ANY DIRECT, INDIREC
      +                          T,
    33                           ; INCIDENTAL, SPECIAL, EXEMPLARY, OR CONSEQUENTIAL DAMAGES (INCLUDING BUT NOT LIMITED TO
    34                           ; PROCUREMENT OF SUBSTITUTE GOODS OR SERVICES; LOSS OF USE, DATA OR PROFITS; OR BUSINESS
    35                           ; INTERRUPTION) HOWSOEVER CAUSED AND ON ANY THEORY OF LIABILITY, WHETHER IN CONTRACT, ST
      +                          RICT
    36                           ; LIABILITY, OR TORT (INCLUDING NEGLIGENCE OR OTHERWISE) ARISING IN ANY WAY OUT OF THE U
      +                          SE OF
    37                           ; THIS SOFTWARE, EVEN IF ADVISED OF THE POSSIBILITY OF SUCH DAMAGE.
    38                           ; 
    39                           ; 
    40                           ; Code-generator required, PIC16F877 Definitions
    41                           ; 
    42                           ; SFR Addresses
    43  0000                     	;# 
    44  0001                     	;# 
    45  0002                     	;# 
    46  0003                     	;# 
    47  0004                     	;# 
    48  0005                     	;# 
    49  0006                     	;# 
    50  0007                     	;# 
    51  0008                     	;# 
    52  0009                     	;# 
    53  000A                     	;# 
    54  000B                     	;# 
    55  000C                     	;# 
    56  000D                     	;# 
    57  000E                     	;# 
    58  000E                     	;# 
    59  000F                     	;# 
    60  0010                     	;# 
    61  0011                     	;# 
    62  0012                     	;# 
    63  0013                     	;# 
    64  0014                     	;# 
    65  0015                     	;# 
    66  0015                     	;# 
    67  0016                     	;# 
    68  0017                     	;# 
    69  0018                     	;# 
    70  0019                     	;# 
    71  001A                     	;# 
    72  001B                     	;# 
    73  001B                     	;# 
    74  001C                     	;# 
    75  001D                     	;# 
    76  001E                     	;# 
    77  001F                     	;# 
    78  0081                     	;# 
    79  0085                     	;# 
    80  0086                     	;# 
    81  0087                     	;# 
    82  0088                     	;# 
    83  0089                     	;# 
    84  008C                     	;# 
    85  008D                     	;# 
    86  008E                     	;# 
    87  0091                     	;# 
    88  0092                     	;# 
    89  0093                     	;# 
    90  0094                     	;# 
    91  0098                     	;# 
    92  0099                     	;# 
    93  009E                     	;# 
    94  009F                     	;# 
    95  010C                     	;# 
    96  010D                     	;# 
    97  010E                     	;# 
    98  010F                     	;# 
    99  018C                     	;# 
   100  018D                     	;# 
   101  0000                     	;# 
   102  0001                     	;# 
   103  0002                     	;# 
   104  0003                     	;# 
   105  0004                     	;# 
   106  0005                     	;# 
   107  0006                     	;# 
   108  0007                     	;# 
   109  0008                     	;# 
   110  0009                     	;# 
   111  000A                     	;# 
   112  000B                     	;# 
   113  000C                     	;# 
   114  000D                     	;# 
   115  000E                     	;# 
   116  000E                     	;# 
   117  000F                     	;# 
   118  0010                     	;# 
   119  0011                     	;# 
   120  0012                     	;# 
   121  0013                     	;# 
   122  0014                     	;# 
   123  0015                     	;# 
   124  0015                     	;# 
   125  0016                     	;# 
   126  0017                     	;# 
   127  0018                     	;# 
   128  0019                     	;# 
   129  001A                     	;# 
   130  001B                     	;# 
   131  001B                     	;# 
   132  001C                     	;# 
   133  001D                     	;# 
   134  001E                     	;# 
   135  001F                     	;# 
   136  0081                     	;# 
   137  0085                     	;# 
   138  0086                     	;# 
   139  0087                     	;# 
   140  0088                     	;# 
   141  0089                     	;# 
   142  008C                     	;# 
   143  008D                     	;# 
   144  008E                     	;# 
   145  0091                     	;# 
   146  0092                     	;# 
   147  0093                     	;# 
   148  0094                     	;# 
   149  0098                     	;# 
   150  0099                     	;# 
   151  009E                     	;# 
   152  009F                     	;# 
   153  010C                     	;# 
   154  010D                     	;# 
   155  010E                     	;# 
   156  010F                     	;# 
   157  018C                     	;# 
   158  018D                     	;# 
   159  0006                     _PORTBbits	set	6
   160  0086                     _TRISBbits	set	134
   161                           
   162                           ; #config settings
   163  0000                     
   164                           	psect	cinit
   165  07FC                     start_initialization:	
   166  07FC                     __initialization:	
   167  07FC                     end_of_initialization:	
   168                           ;End of C runtime variable initialization code
   169                           
   170  07FC                     __end_of__initialization:	
   171  07FC  0183               	clrf	3
   172  07FD  120A  118A  2FDD   	ljmp	_main	;jump to C main() function
   173                           
   174                           	psect	cstackCOMMON
   175  0070                     __pcstackCOMMON:	
   176  0070                     ??_main:	
   177  0070                     ?_main:	
   178                           ; 1 bytes @ 0x0
   179                           
   180                           
   181                           ; 2 bytes @ 0x0
   182  0070                     	ds	3
   183                           
   184                           	psect	maintext
   185  07DD                     __pmaintext:	
   186 ;;
   187 ;;Main: autosize = 0, tempsize = 3, incstack = 0, save=0
   188 ;;
   189 ;; *************** function _main *****************
   190 ;; Defined at:
   191 ;;		line 30 in file "main.c"
   192 ;; Parameters:    Size  Location     Type
   193 ;;		None
   194 ;; Auto vars:     Size  Location     Type
   195 ;;		None
   196 ;; Return value:  Size  Location     Type
   197 ;;                  2   10[None  ] int 
   198 ;; Registers used:
   199 ;;		wreg, status,0
   200 ;; Tracked objects:
   201 ;;		On entry : B00/0
   202 ;;		On exit  : 0/0
   203 ;;		Unchanged: 0/0
   204 ;; Data sizes:     COMMON   BANK0   BANK1   BANK3   BANK2
   205 ;;      Params:         0       0       0       0       0
   206 ;;      Locals:         0       0       0       0       0
   207 ;;      Temps:          3       0       0       0       0
   208 ;;      Totals:         3       0       0       0       0
   209 ;;Total ram usage:        3 bytes
   210 ;; This function calls:
   211 ;;		Nothing
   212 ;; This function is called by:
   213 ;;		Startup code after reset
   214 ;; This function uses a non-reentrant model
   215 ;;
   216                           
   217                           
   218                           ;psect for function _main
   219  07DD                     _main:	
   220                           
   221                           ;incstack = 0
   222                           ; Regs used in _main: [wreg+status,0]
   223  07DD  1683               	bsf	3,5	;RP0=1, select bank1
   224  07DE  1303               	bcf	3,6	;RP1=0, select bank1
   225  07DF  1006               	bcf	6,0	;volatile
   226  07E0                     l608:	
   227  07E0  1003               	clrc
   228  07E1  1283               	bcf	3,5	;RP0=0, select bank0
   229  07E2  1303               	bcf	3,6	;RP1=0, select bank0
   230  07E3  1C06               	btfss	6,0	;volatile
   231  07E4  1403               	setc
   232  07E5  1C03               	btfss	3,0
   233  07E6  2FEB               	goto	u10
   234  07E7  1283               	bcf	3,5	;RP0=0, select bank0
   235  07E8  1303               	bcf	3,6	;RP1=0, select bank0
   236  07E9  1406               	bsf	6,0	;volatile
   237  07EA  2FEE               	goto	l610
   238  07EB                     u10:	
   239  07EB  1283               	bcf	3,5	;RP0=0, select bank0
   240  07EC  1303               	bcf	3,6	;RP1=0, select bank0
   241  07ED  1006               	bcf	6,0	;volatile
   242  07EE                     l610:	
   243  07EE  300D               	movlw	13
   244  07EF  00F2               	movwf	??_main+2
   245  07F0  30AF               	movlw	175
   246  07F1  00F1               	movwf	??_main+1
   247  07F2  30B6               	movlw	182
   248  07F3  00F0               	movwf	??_main
   249  07F4                     u37:	
   250  07F4  0BF0               	decfsz	??_main,f
   251  07F5  2FF4               	goto	u37
   252  07F6  0BF1               	decfsz	??_main+1,f
   253  07F7  2FF4               	goto	u37
   254  07F8  0BF2               	decfsz	??_main+2,f
   255  07F9  2FF4               	goto	u37
   256  07FA  0000               	nop
   257  07FB  2FE0               	goto	l608
   258  07FC                     __end_of_main:	
   259  007E                     btemp	set	126	;btemp
   260  007E                     wtemp0	set	126


Data Sizes:
    Strings     0
    Constant    0
    Data        0
    BSS         0
    Persistent  0
    Stack       0

Auto Spaces:
    Space          Size  Autos    Used
    COMMON           14      3       3
    BANK0            80      0       0
    BANK1            80      0       0
    BANK3            96      0       0
    BANK2            96      0       0

Pointer List with Targets:

    None.

Critical Paths under _main in COMMON

    None.

Critical Paths under _main in BANK0

    None.

Critical Paths under _main in BANK1

    None.

Critical Paths under _main in BANK3

    None.

Critical Paths under _main in BANK2

    None.

Call Graph Tables:

 ---------------------------------------------------------------------------------
 (Depth) Function   	        Calls       Base Space   Used Autos Params    Refs
 ---------------------------------------------------------------------------------
 (0) _main                                                 3     3      0       0
                                              0 COMMON     3     3      0
 ---------------------------------------------------------------------------------
 Estimated maximum stack depth 0
 ---------------------------------------------------------------------------------

 Call Graph Graphs:

 _main (ROOT)

 Address spaces:
Name               Size   Autos  Total    Cost      Usage
BITCOMMON            E      0       0       0        0.0%
EEDATA             100      0       0       0        0.0%
NULL                 0      0       0       0        0.0%
CODE                 0      0       0       0        0.0%
COMMON               E      3       3       1       21.4%
BITSFR0              0      0       0       1        0.0%
SFR0                 0      0       0       1        0.0%
BITSFR1              0      0       0       2        0.0%
SFR1                 0      0       0       2        0.0%
STACK                0      0       0       2        0.0%
ABS                  0      0       0       3        0.0%
BITBANK0            50      0       0       4        0.0%
BITSFR3              0      0       0       4        0.0%
SFR3                 0      0       0       4        0.0%
BANK0               50      0       0       5        0.0%
BITSFR2              0      0       0       5        0.0%
SFR2                 0      0       0       5        0.0%
BITBANK1            50      0       0       6        0.0%
BANK1               50      0       0       7        0.0%
BITBANK3            60      0       0       8        0.0%
BANK3               60      0       0       9        0.0%
BITBANK2            60      0       0      10        0.0%
BANK2               60      0       0      11        0.0%
DATA                 0      0       0      12        0.0%


Microchip Technology PIC Macro Assembler V2.05 build -831301201 
Symbol Table                                                                                   Fri Mar 06 23:25:17 2020

            __CFG_CP$OFF 0000                       u10 07EB                       u37 07F4  
                    l610 07EE                      l608 07E0             __CFG_CPD$OFF 0000  
           __CFG_FOSC$HS 0000             __CFG_LVP$OFF 0000             __CFG_WRT$OFF 0000  
                   _main 07DD                     btemp 007E            __CFG_BOREN$ON 0000  
                   start 0000                    ?_main 0070            __CFG_WDTE$OFF 0000  
                  status 0003                    wtemp0 007E          __initialization 07FC  
           __end_of_main 07FC                   ??_main 0070           __CFG_PWRTE$OFF 0000  
__end_of__initialization 07FC           __pcstackCOMMON 0070               __pmaintext 07DD  
   end_of_initialization 07FC                _PORTBbits 0006                _TRISBbits 0086  
    start_initialization 07FC                ___latbits 0002            __size_of_main 001F  
